ICDB server [info]: Starting [Autosave] backup process
ICDB server [info]: [AutoSave] backup of size [53.6 kB] created successfully in location [C:\PADS Projects\DxProjects\IC-SHELTER-MARCO\ProjectBackup\backups\2021-10-11 14.36.47 - auto.zip]
Properties> Illegal property value, the regular expression for this property value is: (\u|\d|-|_|,|\?)*
Properties> Illegal property value, the regular expression for this property value is: (\u|\d|-|_|,|\?)*
Properties> Illegal property value, the regular expression for this property value is: (\u|\d|-|_|,|\?)*
ICDB server [info]: Starting [Autosave] backup process
ICDB server [info]: [AutoSave] backup of size [144.3 kB] created successfully in location [C:\PADS Projects\DxProjects\IC-SHELTER-MARCO\ProjectBackup\backups\2021-10-11 18.36.47 - auto.zip]
Properties> Illegal property value, the regular expression for this property value is: (\u|\d|-|_|,|\?)*
ICDB server [info]: Starting [Autosave] backup process
ICDB server [info]: [AutoSave] backup of size [151.4 kB] created successfully in location [C:\PADS Projects\DxProjects\IC-SHELTER-MARCO\ProjectBackup\backups\2021-10-11 22.36.47 - auto.zip]
ICDB server [critical]: Server stopping: Requesting emergency server stop: System goes to SLEEP<!#!><severity>3</severity>
ICDB server [info]: Starting [Autosave] backup process
ICDB server [info]: [AutoSave] backup of size [164.8 kB] created successfully in location [C:\PADS Projects\DxProjects\IC-SHELTER-MARCO\ProjectBackup\backups\2021-10-18 20.45.33 - auto.zip]
ICDB server [critical]: Server stopping: Requesting emergency server stop: System goes to SLEEP<!#!><severity>3</severity>
ICDB server [info]: Starting [Autosave] backup process
ICDB server [info]: [AutoSave] backup of size [173.2 kB] created successfully in location [C:\PADS Projects\DxProjects\IC-SHELTER-MARCO\ProjectBackup\backups\2021-10-19 16.47.07 - auto.zip]
ICDB server [critical]: Server stopping: Requesting emergency server stop: System goes to SLEEP<!#!><severity>3</severity>
ICDB server [info]: [AutoSave] backup of size [179.1 kB] created successfully in location [C:\PADS Projects\DxProjects\IC-SHELTER-MARCO\ProjectBackup\backups\2021-10-20 15.34.28 - auto.zip]
ICDB server [critical]: Server stopping: Requesting emergency server stop: System goes to SLEEP<!#!><severity>3</severity>
ICDB server [critical]: Server stopping: Requesting emergency server stop: System goes to SLEEP<!#!><severity>3</severity>
ICDB server [info]: [AutoSave] backup of size [192.5 kB] created successfully in location [C:\PADS Projects\DxProjects\IC-SHELTER-MARCO\ProjectBackup\backups\2021-10-22 14.55.03 - auto.zip]
ICDB server [info]: Starting [Autosave] backup process
ICDB server [info]: [AutoSave] backup of size [193.5 kB] created successfully in location [C:\PADS Projects\DxProjects\IC-SHELTER-MARCO\ProjectBackup\backups\2021-10-22 18.55.03 - auto.zip]
ICDB server [critical]: Server stopping: Requesting emergency server stop: System goes to SLEEP<!#!><severity>3</severity>
ICDB server [info]: Starting [Autosave] backup process
ICDB server [info]: [AutoSave] backup of size [201.6 kB] created successfully in location [C:\PADS Projects\DxProjects\IC-SHELTER-MARCO\ProjectBackup\backups\2021-10-23 12.03.52 - auto.zip]
ICDB server [info]: [AutoSave] backup of size [209.0 kB] created successfully in location [C:\PADS Projects\DxProjects\IC-SHELTER-MARCO\ProjectBackup\backups\2021-10-24 20.05.50 - auto.zip]
ICDB server [info]: [AutoSave] backup of size [209.0 kB] created successfully in location [C:\PADS Projects\DxProjects\IC-SHELTER-MARCO\ProjectBackup\backups\2021-11-07 13.12.10 - auto.zip]
Properties> This property is not defined. Please define the property before editing.
Properties> This property is not defined. Please define the property before editing.
ICDB server [info]: Starting [Autosave] backup process
ICDB server [info]: [AutoSave] backup of size [186.2 kB] created successfully in location [C:\PADS Projects\DxProjects\IC-SHELTER-MARCO\ProjectBackup\backups\2021-11-07 17.12.10 - auto.zip]
ICDB server [info]: Starting [Autosave] backup process
ICDB server [info]: [AutoSave] backup of size [266.2 kB] created successfully in location [C:\PADS Projects\DxProjects\IC-SHELTER-MARCO\ProjectBackup\backups\2021-11-07 21.12.10 - auto.zip]
ICDB server [info]: Starting [Autosave] backup process
ICDB server [info]: [AutoSave] backup of size [267.4 kB] created successfully in location [C:\PADS Projects\DxProjects\IC-SHELTER-MARCO\ProjectBackup\backups\2021-11-08 01.12.10 - auto.zip]
ICDB server [info]: [AutoSave] backup of size [272.4 kB] created successfully in location [C:\PADS Projects\DxProjects\IC-SHELTER-MARCO\ProjectBackup\backups\2021-11-08 12.26.06 - auto.zip]
ICDB server [info]: Starting [Autosave] backup process
ICDB server [info]: [AutoSave] backup of size [283.4 kB] created successfully in location [C:\PADS Projects\DxProjects\IC-SHELTER-MARCO\ProjectBackup\backups\2021-11-08 16.26.06 - auto.zip]
ICDB server [info]: Starting [Autosave] backup process
ICDB server [info]: [AutoSave] backup of size [283.9 kB] created successfully in location [C:\PADS Projects\DxProjects\IC-SHELTER-MARCO\ProjectBackup\backups\2021-11-08 20.26.06 - auto.zip]
ICDB server [info]: Starting [Autosave] backup process
ICDB server [info]: [AutoSave] backup of size [289.2 kB] created successfully in location [C:\PADS Projects\DxProjects\IC-SHELTER-MARCO\ProjectBackup\backups\2021-11-09 00.26.06 - auto.zip]
ICDB server [critical]: Server stopping: Requesting emergency server stop: System goes to SLEEP<!#!><severity>3</severity>
ICDB server [info]: [AutoSave] backup of size [296.3 kB] created successfully in location [C:\PADS Projects\DxProjects\IC-SHELTER-MARCO\ProjectBackup\backups\2021-11-09 20.19.45 - auto.zip]
ICDB server [info]: Starting [Autosave] backup process
ICDB server [info]: [AutoSave] backup of size [303.4 kB] created successfully in location [C:\PADS Projects\DxProjects\IC-SHELTER-MARCO\ProjectBackup\backups\2021-11-10 00.19.45 - auto.zip]
ICDB server [critical]: Server stopping: Requesting emergency server stop: System goes to SLEEP<!#!><severity>3</severity>
ICDB server [info]: [AutoSave] backup of size [310.9 kB] created successfully in location [C:\PADS Projects\DxProjects\IC-SHELTER-MARCO\ProjectBackup\backups\2021-11-10 13.46.41 - auto.zip]
ICDB server [info]: [AutoSave] backup of size [315.2 kB] created successfully in location [C:\PADS Projects\DxProjects\IC-SHELTER-MARCO\ProjectBackup\backups\2021-11-10 18.33.36 - auto.zip]
ICDB server [info]: Starting [Autosave] backup process
ICDB server [info]: [AutoSave] backup of size [320.9 kB] created successfully in location [C:\PADS Projects\DxProjects\IC-SHELTER-MARCO\ProjectBackup\backups\2021-11-10 22.33.36 - auto.zip]
Properties> Illegal property value, the regular expression for this property value is: (\u|\d|-|_|,|\?)*
Properties> This property is not defined. Please define the property before editing.
Properties> This property is not defined. Please define the property before editing.
ICDB server [info]: Starting [Autosave] backup process
ICDB server [info]: [AutoSave] backup of size [332.8 kB] created successfully in location [C:\PADS Projects\DxProjects\IC-SHELTER-MARCO\ProjectBackup\backups\2021-11-11 02.33.36 - auto.zip]
ICDB server [critical]: Server stopping: Requesting emergency server stop: System goes to SLEEP<!#!><severity>3</severity>
ICDB server [info]: [AutoSave] backup of size [343.4 kB] created successfully in location [C:\PADS Projects\DxProjects\IC-SHELTER-MARCO\ProjectBackup\backups\2021-11-12 11.47.09 - auto.zip]
ICDB server [info]: Starting [Autosave] backup process
ICDB server [info]: [AutoSave] backup of size [344.2 kB] created successfully in location [C:\PADS Projects\DxProjects\IC-SHELTER-MARCO\ProjectBackup\backups\2021-11-12 15.47.09 - auto.zip]
ICDB server [info]: Starting [Autosave] backup process
ICDB server [info]: [AutoSave] backup of size [345.1 kB] created successfully in location [C:\PADS Projects\DxProjects\IC-SHELTER-MARCO\ProjectBackup\backups\2021-11-12 19.47.09 - auto.zip]
ICDB server [info]: [AutoSave] backup of size [350.4 kB] created successfully in location [C:\PADS Projects\DxProjects\IC-SHELTER-MARCO\ProjectBackup\backups\2021-11-13 19.39.32 - auto.zip]
ICDB server [info]: Starting [Autosave] backup process
ICDB server [info]: [AutoSave] backup of size [356.7 kB] created successfully in location [C:\PADS Projects\DxProjects\IC-SHELTER-MARCO\ProjectBackup\backups\2021-11-13 23.39.32 - auto.zip]
ICDB server [critical]: Server stopping: Another server started for the database<!#!><severity>3</severity>
ICDB server [info]: [AutoSave] backup of size [335.4 kB] created successfully in location [C:\PADS Projects\DxProjects\IC-SHELTER-MARCO\ProjectBackup\backups\2021-11-14 18.03.42 - auto.zip]
ICDB server [info]: Starting [Autosave] backup process
ICDB server [info]: [AutoSave] backup of size [336.2 kB] created successfully in location [C:\PADS Projects\DxProjects\IC-SHELTER-MARCO\ProjectBackup\backups\2021-11-14 22.03.42 - auto.zip]
ICDB server [info]: Starting [Autosave] backup process
ICDB server [info]: [AutoSave] backup of size [336.5 kB] created successfully in location [C:\PADS Projects\DxProjects\IC-SHELTER-MARCO\ProjectBackup\backups\2021-11-15 02.16.42 - auto.zip]
ICDB server [critical]: Server stopping: Requesting emergency server stop: System goes to SLEEP<!#!><severity>3</severity>
ICDB server [info]: [AutoSave] backup of size [303.8 kB] created successfully in location [C:\PADS Projects\DxProjects\IC-SHELTER-MARCO\ProjectBackup\backups\2021-11-15 11.12.53 - auto.zip]
ICDB server [info]: Starting [Autosave] backup process
ICDB server [info]: [AutoSave] backup of size [305.4 kB] created successfully in location [C:\PADS Projects\DxProjects\IC-SHELTER-MARCO\ProjectBackup\backups\2021-11-15 15.12.53 - auto.zip]
ICDB server [info]: [AutoSave] backup of size [266.8 kB] created successfully in location [C:\PADS Projects\DxProjects\IC-SHELTER-MARCO\ProjectBackup\backups\2021-11-17 23.53.27 - auto.zip]
ICDB server [info]: Starting [Autosave] backup process
ICDB server [info]: [AutoSave] backup of size [268.2 kB] created successfully in location [C:\PADS Projects\DxProjects\IC-SHELTER-MARCO\ProjectBackup\backups\2021-11-18 03.53.27 - auto.zip]
ICDB server [info]: [AutoSave] backup of size [270.6 kB] created successfully in location [C:\PADS Projects\DxProjects\IC-SHELTER-MARCO\ProjectBackup\backups\2021-11-19 15.11.00 - auto.zip]
ICDB server [info]: [AutoSave] backup of size [264.4 kB] created successfully in location [C:\PADS Projects\DxProjects\IC-SHELTER-MARCO\ProjectBackup\backups\2021-11-21 15.16.20 - auto.zip]
ICDB server [info]: [AutoSave] backup of size [262.3 kB] created successfully in location [C:\PADS Projects\DxProjects\IC-SHELTER-MARCO\ProjectBackup\backups\2021-11-22 13.15.05 - auto.zip]
ICDB server [info]: Starting [Autosave] backup process
ICDB server [info]: [AutoSave] backup of size [264.0 kB] created successfully in location [C:\PADS Projects\DxProjects\IC-SHELTER-MARCO\ProjectBackup\backups\2021-11-22 17.15.05 - auto.zip]
